#
# There is insufficient memory for the Java Runtime Environment to continue.
# Native memory allocation (mmap) failed to map 130023424 bytes. Error detail: G1 virtual space
# Possible reasons:
#   The system is out of physical RAM or swap space
#   This process is running with CompressedOops enabled, and the Java Heap may be blocking the growth of the native heap
# Possible solutions:
#   Reduce memory load on the system
#   Increase physical memory or swap space
#   Check if swap backing store is full
#   Decrease Java heap size (-Xmx/-Xms)
#   Decrease number of Java threads
#   Decrease Java thread stack sizes (-Xss)
#   Set larger code cache with -XX:ReservedCodeCacheSize=
#   JVM is running with Unscaled Compressed Oops mode in which the Java heap is
#     placed in the first 4GB address space. The Java Heap base address is the
#     maximum limit for the native heap growth. Please use -XX:HeapBaseMinAddress
#     to set the Java Heap base and to place the Java Heap above 4GB virtual address.
# This output file may be truncated or incomplete.
#
#  Out of Memory Error (os_windows.cpp:3686), pid=18916, tid=22096
#
# JRE version:  (21.0.7+6) (build )
# Java VM: OpenJDK 64-Bit Server VM (21.0.7+6-LTS, mixed mode, sharing, tiered, compressed oops, compressed class ptrs, g1 gc, windows-amd64)
# No core dump will be written. Minidumps are not enabled by default on client versions of Windows
#

---------------  S U M M A R Y ------------

Command Line: -Dfile.encoding=UTF-8 -Dstdout.encoding=UTF-8 -Dstderr.encoding=UTF-8 -XX:+ShowCodeDetailsInExceptionMessages calculatorbmi

Host: Intel(R) Core(TM) i3-N305, 8 cores, 7G,  Windows 11 , 64 bit Build 22621 (10.0.22621.5415)
Time: Fri Jul  4 13:22:35 2025 South Africa Standard Time elapsed time: 0.021675 seconds (0d 0h 0m 0s)

---------------  T H R E A D  ---------------

Current thread (0x0000020f1ddf5800):  JavaThread "Unknown thread" [_thread_in_vm, id=22096, stack(0x000000ccb1e00000,0x000000ccb1f00000) (1024K)]

Stack: [0x000000ccb1e00000,0x000000ccb1f00000]
Native frames: (J=compiled Java code, j=interpreted, Vv=VM code, C=native code)
V  [jvm.dll+0x6ce119]
V  [jvm.dll+0x8a84a1]
V  [jvm.dll+0x8aa9ce]
V  [jvm.dll+0x8ab0b3]
V  [jvm.dll+0x27f8a6]
V  [jvm.dll+0x6ca945]
V  [jvm.dll+0x6bebea]
V  [jvm.dll+0x355eca]
V  [jvm.dll+0x35da96]
V  [jvm.dll+0x3af72e]
V  [jvm.dll+0x3af9d8]
V  [jvm.dll+0x32a05c]
V  [jvm.dll+0x32abbb]
V  [jvm.dll+0x871719]
V  [jvm.dll+0x3bc501]
V  [jvm.dll+0x85a743]
V  [jvm.dll+0x45080e]
V  [jvm.dll+0x452451]
C  [jli.dll+0x5278]
C  [ucrtbase.dll+0x29333]
C  [KERNEL32.DLL+0x1259d]
C  [ntdll.dll+0x5af78]


---------------  P R O C E S S  ---------------

Threads class SMR info:
_java_thread_list=0x00007fffa9e6a0c8, length=0, elements={
}

Java Threads: ( => current thread )
Total: 0

Other Threads:
  0x0000020f1de44bf0 WorkerThread "GC Thread#0"                     [id=20996, stack(0x000000ccb1f00000,0x000000ccb2000000) (1024K)]
  0x0000020f1de55010 ConcurrentGCThread "G1 Main Marker"            [id=23512, stack(0x000000ccb2000000,0x000000ccb2100000) (1024K)]
  0x0000020f1de56530 WorkerThread "G1 Conc#0"                       [id=8644, stack(0x000000ccb2100000,0x000000ccb2200000) (1024K)]

[error occurred during error reporting (printing all threads), id 0xc0000005, EXCEPTION_ACCESS_VIOLATION (0xc0000005) at pc=0x00007fffa956c987]
VM state: not at safepoint (not fully initialized)

VM Mutex/Monitor currently owned by a thread:  ([mutex/lock_event])
[0x00007fffa9ede408] Heap_lock - owner thread: 0x0000020f1ddf5800

Heap address: 0x0000000085e00000, size: 1954 MB, Compressed Oops mode: 32-bit

CDS archive(s) mapped at: [0x0000000000000000-0x0000000000000000-0x0000000000000000), size 0, SharedBaseAddress: 0x0000000800000000, ArchiveRelocationMode: 1.
Narrow klass base: 0x0000000000000000, Narrow klass shift: 0, Narrow klass range: 0x0

GC Precious Log:
 CardTable entry size: 512
 Card Set container configuration: InlinePtr #cards 5 size 8 Array Of Cards #cards 12 size 40 Howl #buckets 4 coarsen threshold 1843 Howl Bitmap #cards 512 size 80 coarsen threshold 460 Card regions per heap region 1 cards per card region 2048

Heap:
 garbage-first heap   total 0K, used 0K [0x0000000085e00000, 0x0000000100000000)
  region size 1024K, 0 young (0K), 0 survivors (0K)

[error occurred during error reporting (printing heap information), id 0xc0000005, EXCEPTION_ACCESS_VIOLATION (0xc0000005) at pc=0x00007fffa9957949]
GC Heap History (0 events):
No events

Dll operation events (1 events):
Event: 0.013 Loaded shared library C:\Users\ICT_user39.ATS-HO\.p2\pool\plugins\org.eclipse.justj.openjdk.hotspot.jre.full.win32.x86_64_21.0.7.v20250502-0916\jre\bin\java.dll

Deoptimization events (0 events):
No events

Classes loaded (0 events):
No events

Classes unloaded (0 events):
No events

Classes redefined (0 events):
No events

Internal exceptions (0 events):
No events

ZGC Phase Switch (0 events):
No events

VM Operations (0 events):
No events

Memory protections (0 events):
No events

Nmethod flushes (0 events):
No events

Events (0 events):
No events


Dynamic libraries:
0x00007ff758810000 - 0x00007ff75881e000 	C:\Users\ICT_user39.ATS-HO\.p2\pool\plugins\org.eclipse.justj.openjdk.hotspot.jre.full.win32.x86_64_21.0.7.v20250502-0916\jre\bin\javaw.exe
0x00007ff84a0d0000 - 0x00007ff84a2e7000 	C:\Windows\SYSTEM32\ntdll.dll
0x00007ff81c7b0000 - 0x00007ff81c7cb000 	C:\Program Files\Avast Software\Avast\aswhook.dll
0x00007ff848ef0000 - 0x00007ff848fb4000 	C:\Windows\System32\KERNEL32.DLL
0x00007ff847790000 - 0x00007ff847b62000 	C:\Windows\System32\KERNELBASE.dll
0x00007ff8473b0000 - 0x00007ff8474c1000 	C:\Windows\System32\ucrtbase.dll
0x00007ff803630000 - 0x00007ff803648000 	C:\Users\ICT_user39.ATS-HO\.p2\pool\plugins\org.eclipse.justj.openjdk.hotspot.jre.full.win32.x86_64_21.0.7.v20250502-0916\jre\bin\jli.dll
0x00007fffed430000 - 0x00007fffed44e000 	C:\Users\ICT_user39.ATS-HO\.p2\pool\plugins\org.eclipse.justj.openjdk.hotspot.jre.full.win32.x86_64_21.0.7.v20250502-0916\jre\bin\VCRUNTIME140.dll
0x00007ff847f70000 - 0x00007ff848121000 	C:\Windows\System32\USER32.dll
0x00007ff8371d0000 - 0x00007ff83746b000 	C:\Windows\WinSxS\amd64_microsoft.windows.common-controls_6595b64144ccf1df_6.0.22621.5415_none_270d77d17387d7da\COMCTL32.dll
0x00007ff847760000 - 0x00007ff847786000 	C:\Windows\System32\win32u.dll
0x00007ff848fc0000 - 0x00007ff849067000 	C:\Windows\System32\msvcrt.dll
0x00007ff848e60000 - 0x00007ff848e89000 	C:\Windows\System32\GDI32.dll
0x00007ff847b70000 - 0x00007ff847c93000 	C:\Windows\System32\gdi32full.dll
0x00007ff8474d0000 - 0x00007ff84756a000 	C:\Windows\System32\msvcp_win.dll
0x00007ff849f90000 - 0x00007ff849fc1000 	C:\Windows\System32\IMM32.DLL
0x00007ff834ea0000 - 0x00007ff834eac000 	C:\Users\ICT_user39.ATS-HO\.p2\pool\plugins\org.eclipse.justj.openjdk.hotspot.jre.full.win32.x86_64_21.0.7.v20250502-0916\jre\bin\vcruntime140_1.dll
0x00007fffe2c50000 - 0x00007fffe2cdd000 	C:\Users\ICT_user39.ATS-HO\.p2\pool\plugins\org.eclipse.justj.openjdk.hotspot.jre.full.win32.x86_64_21.0.7.v20250502-0916\jre\bin\msvcp140.dll
0x00007fffa9230000 - 0x00007fffa9fc0000 	C:\Users\ICT_user39.ATS-HO\.p2\pool\plugins\org.eclipse.justj.openjdk.hotspot.jre.full.win32.x86_64_21.0.7.v20250502-0916\jre\bin\server\jvm.dll
0x00007ff849fd0000 - 0x00007ff84a081000 	C:\Windows\System32\ADVAPI32.dll
0x00007ff847d60000 - 0x00007ff847e08000 	C:\Windows\System32\sechost.dll
0x00007ff847730000 - 0x00007ff847758000 	C:\Windows\System32\bcrypt.dll
0x00007ff849070000 - 0x00007ff849184000 	C:\Windows\System32\RPCRT4.dll
0x00007ff848d50000 - 0x00007ff848dc1000 	C:\Windows\System32\WS2_32.dll
0x00007ff83e3e0000 - 0x00007ff83e414000 	C:\Windows\SYSTEM32\WINMM.dll
0x00007ff847090000 - 0x00007ff8470dd000 	C:\Windows\SYSTEM32\POWRPROF.dll
0x00007ff83bbc0000 - 0x00007ff83bbca000 	C:\Windows\SYSTEM32\VERSION.dll
0x00007ff847070000 - 0x00007ff847083000 	C:\Windows\SYSTEM32\UMPDC.dll
0x00007ff8460d0000 - 0x00007ff8460e8000 	C:\Windows\SYSTEM32\kernel.appcore.dll
0x00007ff821b90000 - 0x00007ff821b9a000 	C:\Users\ICT_user39.ATS-HO\.p2\pool\plugins\org.eclipse.justj.openjdk.hotspot.jre.full.win32.x86_64_21.0.7.v20250502-0916\jre\bin\jimage.dll
0x00007ff844940000 - 0x00007ff844b73000 	C:\Windows\SYSTEM32\DBGHELP.DLL
0x00007ff848130000 - 0x00007ff8484c3000 	C:\Windows\System32\combase.dll
0x00007ff849190000 - 0x00007ff849267000 	C:\Windows\System32\OLEAUT32.dll
0x00007ff83a240000 - 0x00007ff83a272000 	C:\Windows\SYSTEM32\dbgcore.DLL
0x00007ff8476b0000 - 0x00007ff84772b000 	C:\Windows\System32\bcryptPrimitives.dll
0x00007ffff5730000 - 0x00007ffff574f000 	C:\Users\ICT_user39.ATS-HO\.p2\pool\plugins\org.eclipse.justj.openjdk.hotspot.jre.full.win32.x86_64_21.0.7.v20250502-0916\jre\bin\java.dll

dbghelp: loaded successfully - version: 4.0.5 - missing functions: none
symbol engine: initialized successfully - sym options: 0x614 - pdb path: .;C:\Users\ICT_user39.ATS-HO\.p2\pool\plugins\org.eclipse.justj.openjdk.hotspot.jre.full.win32.x86_64_21.0.7.v20250502-0916\jre\bin;C:\Windows\SYSTEM32;C:\Program Files\Avast Software\Avast;C:\Windows\WinSxS\amd64_microsoft.windows.common-controls_6595b64144ccf1df_6.0.22621.5415_none_270d77d17387d7da;C:\Users\ICT_user39.ATS-HO\.p2\pool\plugins\org.eclipse.justj.openjdk.hotspot.jre.full.win32.x86_64_21.0.7.v20250502-0916\jre\bin\server

VM Arguments:
jvm_args: -Dfile.encoding=UTF-8 -Dstdout.encoding=UTF-8 -Dstderr.encoding=UTF-8 -XX:+ShowCodeDetailsInExceptionMessages 
java_command: calculatorbmi
java_class_path (initial): C:\Users\ICT_user39.ATS-HO\eclipse-workspace\Bmicalculator\Calculatorbmi\bin
Launcher Type: SUN_STANDARD

[Global flags]
     intx CICompilerCount                          = 4                                         {product} {ergonomic}
     uint ConcGCThreads                            = 2                                         {product} {ergonomic}
     uint G1ConcRefinementThreads                  = 8                                         {product} {ergonomic}
   size_t G1HeapRegionSize                         = 1048576                                   {product} {ergonomic}
    uintx GCDrainStackTargetSize                   = 64                                        {product} {ergonomic}
   size_t InitialHeapSize                          = 130023424                                 {product} {ergonomic}
   size_t MarkStackSize                            = 4194304                                   {product} {ergonomic}
   size_t MaxHeapSize                              = 2048917504                                {product} {ergonomic}
   size_t MinHeapDeltaBytes                        = 1048576                                   {product} {ergonomic}
   size_t MinHeapSize                              = 8388608                                   {product} {ergonomic}
    uintx NonNMethodCodeHeapSize                   = 5839372                                {pd product} {ergonomic}
    uintx NonProfiledCodeHeapSize                  = 122909434                              {pd product} {ergonomic}
    uintx ProfiledCodeHeapSize                     = 122909434                              {pd product} {ergonomic}
    uintx ReservedCodeCacheSize                    = 251658240                              {pd product} {ergonomic}
     bool SegmentedCodeCache                       = true                                      {product} {ergonomic}
     bool ShowCodeDetailsInExceptionMessages       = true                                   {manageable} {command line}
   size_t SoftMaxHeapSize                          = 2048917504                             {manageable} {ergonomic}
     bool UseCompressedOops                        = true                           {product lp64_product} {ergonomic}
     bool UseG1GC                                  = true                                      {product} {ergonomic}
     bool UseLargePagesIndividualAllocation        = false                                  {pd product} {ergonomic}

Logging:
Log output configuration:
 #0: stdout all=warning uptime,level,tags foldmultilines=false
 #1: stderr all=off uptime,level,tags foldmultilines=false

Environment Variables:
PATH=C:/Users/ICT_user39.ATS-HO/.p2/pool/plugins/org.eclipse.justj.openjdk.hotspot.jre.full.win32.x86_64_21.0.7.v20250502-0916/jre/bin/server;C:/Users/ICT_user39.ATS-HO/.p2/pool/plugins/org.eclipse.justj.openjdk.hotspot.jre.full.win32.x86_64_21.0.7.v20250502-0916/jre/bin;C:\Program Files\Eclipse Adoptium\jdk-21.0.7.6-hotspot\bin;C:\Program Files\Common Files\Oracle\Java\javapath;C:\Program Files\Microsoft MPI\Bin\;C:\Windows\system32;C:\Windows;C:\Windows\System32\Wbem;C:\Windows\System32\WindowsPowerShell\v1.0\;C:\Windows\System32\OpenSSH\;C:\Program Files (x86)\Microsoft SQL Server\150\DTS\Binn\;C:\Program Files\Microsoft SQL Server\150\DTS\Binn\;C:\Program Files\Microsoft SQL Server\Client SDK\ODBC\170\Tools\Binn\;C:\Program Files (x86)\Microsoft SQL Server\150\Tools\Binn\;C:\Program Files\Microsoft SQL Server\150\Tools\Binn\;C:\Program Files (x86)\Microsoft SQL Server\160\DTS\Binn\;C:\Users\ICT_user39.ATS-HO\AppData\Local\Microsoft\WindowsApps;C:\Users\ICT_user39.ATS-HO\AppData\Local\Programs\Microsoft VS Code\bin;C:\Users\ICT_user39.ATS-HO\AppData\Local\Programs\Git\cmd;C:\Users\ICT_user39.ATS-HO\AppData\Local\GitHubDesktop\bin;C:\Windows\System32;
USERNAME=ICT_User39
OS=Windows_NT
PROCESSOR_IDENTIFIER=Intel64 Family 6 Model 190 Stepping 0, GenuineIntel
TMP=C:\Users\ICT_US~1.ATS\AppData\Local\Temp
TEMP=C:\Users\ICT_US~1.ATS\AppData\Local\Temp




Periodic native trim disabled

---------------  S Y S T E M  ---------------

OS:
 Windows 11 , 64 bit Build 22621 (10.0.22621.5415)
OS uptime: 22 days 4:09 hours
Hyper-V role detected

CPU: total 8 (initial active 8) (8 cores per cpu, 1 threads per core) family 6 model 190 stepping 0 microcode 0x15, cx8, cmov, fxsr, mmx, 3dnowpref, sse, sse2, sse3, ssse3, sse4.1, sse4.2, popcnt, lzcnt, tsc, tscinvbit, avx, avx2, aes, erms, clmul, bmi1, bmi2, adx, sha, fma, vzeroupper, clflush, clflushopt, clwb, hv, serialize, rdtscp, rdpid, fsrm, f16c, cet_ibt, cet_ss
Processor Information for the first 8 processors :
  Max Mhz: 1800, Current Mhz: 1800, Mhz Limit: 1800

Memory: 4k page, system-wide physical 7813M (411M free)
TotalPageFile size 20101M (AvailPageFile size 81M)
current process WorkingSet (physical memory assigned to process): 11M, peak: 11M
current process commit charge ("private bytes"): 60M, peak: 184M

vm_info: OpenJDK 64-Bit Server VM (21.0.7+6-LTS) for windows-amd64 JRE (21.0.7+6-LTS), built on 2025-04-15T00:00:00Z by "admin" with MS VC++ 17.7 (VS2022)

END.
